生成启动时间为 2015-12-23 20:31:00。
     1>项目“C:\Users\Joson\Desktop\CSharpInvokeCPP\Joson\Joson.vcxproj”在节点 2 上(build 个目标)。
     1>InitializeBuildStatus:
         正在创建“Debug\Joson.unsuccessfulbuild”，因为已指定“AlwaysCreate”。
       ClCompile:
         所有输出均为最新。
         所有输出均为最新。
         所有输出均为最新。
       Link:
         C:\Program Files\Microsoft Visual Studio 10.0\VC\bin\link.exe /ERRORREPORT:PROMPT /OUT:"..\CSharpInvokeCPP.CSharpDemo\bin\Debug\Joson.dll" /INCREMENTAL /NOLOGO kernel32.lib user32.lib gdi32.lib winspool.lib comdlg32.lib advapi32.lib shell32.lib ole32.lib oleaut32.lib uuid.lib odbc32.lib odbccp32.lib /MANIFEST /ManifestFile:"Debug\Joson.dll.intermediate.manifest" /MANIFESTUAC:"level='asInvoker' uiAccess='false'" /DEBUG /PDB:"C:\Users\Joson\Desktop\CSharpInvokeCPP\CSharpInvokeCPP.CSharpDemo\bin\Debug\Joson.pdb" /SUBSYSTEM:WINDOWS /TLBID:1 /DYNAMICBASE /NXCOMPAT /IMPLIB:"..\CSharpInvokeCPP.CSharpDemo\bin\Debug\Joson.lib" /MACHINE:X86 /DLL Debug\dllmain.obj
         Debug\Joson.obj
         Debug\stdafx.obj
            正在创建库 ..\CSharpInvokeCPP.CSharpDemo\bin\Debug\Joson.lib 和对象 ..\CSharpInvokeCPP.CSharpDemo\bin\Debug\Joson.exp
         Joson.vcxproj -> C:\Users\Joson\Desktop\CSharpInvokeCPP\Joson\..\CSharpInvokeCPP.CSharpDemo\bin\Debug\Joson.dll
       Manifest:
         C:\Program Files\Microsoft SDKs\Windows\v7.0A\bin\mt.exe /nologo /verbose /out:"C:\Users\Joson\Desktop\CSharpInvokeCPP\Joson\..\CSharpInvokeCPP.CSharpDemo\bin\Debug\Joson.dll.manifest" /manifest Debug\Joson.dll.intermediate.manifest
       FinalizeBuildStatus:
         正在删除文件“Debug\Joson.unsuccessfulbuild”。
         正在对“Debug\Joson.lastbuildstate”执行 Touch 任务。
     1>已完成生成项目“C:\Users\Joson\Desktop\CSharpInvokeCPP\Joson\Joson.vcxproj”(build 个目标)的操作。

生成成功。

已用时间 00:00:00.57
