..\CSharpInvokeCPP.CSharpDemo\bin\Debug\CSharpInvokeCPP.CPPDemo.ilk
..\CSharpInvokeCPP.CSharpDemo\bin\Debug\CSharpInvokeCPP.CPPDemo.pdb
C:\Users\Joson\Desktop\CSharpInvokeCPP\CSharpInvokeCPP.CPPDemo\..\CSharpInvokeCPP.CSharpDemo\bin\Debug\CSharpInvokeCPP.CPPDemo.dll
C:\Users\Joson\Desktop\CSharpInvokeCPP\CSharpInvokeCPP.CPPDemo\..\CSharpInvokeCPP.CSharpDemo\bin\Debug\CSharpInvokeCPP.CPPDemo.dll.manifest
C:\Users\Joson\Desktop\CSharpInvokeCPP\CSharpInvokeCPP.CPPDemo\Debug\cl.command.1.tlog
C:\Users\Joson\Desktop\CSharpInvokeCPP\CSharpInvokeCPP.CPPDemo\Debug\CL.read.1.tlog
C:\Users\Joson\Desktop\CSharpInvokeCPP\CSharpInvokeCPP.CPPDemo\Debug\CL.write.1.tlog
C:\USERS\JOSON\DESKTOP\CSHARPINVOKECPP\CSHARPINVOKECPP.CPPDEMO\DEBUG\CSHARPINVOKECPP.CPPDEMO.DLL.INTERMEDIATE.MANIFEST
C:\USERS\JOSON\DESKTOP\CSHARPINVOKECPP\CSHARPINVOKECPP.CPPDEMO\DEBUG\CSHARPINVOKECPP.CPPDEMO.OBJ
C:\USERS\JOSON\DESKTOP\CSHARPINVOKECPP\CSHARPINVOKECPP.CPPDEMO\DEBUG\CSHARPINVOKECPP.CPPDEMO.PCH
C:\Users\Joson\Desktop\CSharpInvokeCPP\CSharpInvokeCPP.CPPDemo\Debug\CSharpInvokeCPP.CPPDemo.write.1.tlog
C:\USERS\JOSON\DESKTOP\CSHARPINVOKECPP\CSHARPINVOKECPP.CPPDEMO\DEBUG\DLLMAIN.OBJ
C:\Users\Joson\Desktop\CSharpInvokeCPP\CSharpInvokeCPP.CPPDemo\Debug\link.command.1.tlog
C:\Users\Joson\Desktop\CSharpInvokeCPP\CSharpInvokeCPP.CPPDemo\Debug\link.read.1.tlog
C:\Users\Joson\Desktop\CSharpInvokeCPP\CSharpInvokeCPP.CPPDemo\Debug\link.write.1.tlog
C:\Users\Joson\Desktop\CSharpInvokeCPP\CSharpInvokeCPP.CPPDemo\Debug\mt.command.1.tlog
C:\Users\Joson\Desktop\CSharpInvokeCPP\CSharpInvokeCPP.CPPDemo\Debug\mt.read.1.tlog
C:\Users\Joson\Desktop\CSharpInvokeCPP\CSharpInvokeCPP.CPPDemo\Debug\mt.write.1.tlog
C:\USERS\JOSON\DESKTOP\CSHARPINVOKECPP\CSHARPINVOKECPP.CPPDEMO\DEBUG\STDAFX.OBJ
C:\Users\Joson\Desktop\CSharpInvokeCPP\CSharpInvokeCPP.CPPDemo\Debug\vc100.idb
C:\USERS\JOSON\DESKTOP\CSHARPINVOKECPP\CSHARPINVOKECPP.CPPDEMO\DEBUG\VC100.PDB
C:\USERS\JOSON\DESKTOP\CSHARPINVOKECPP\CSHARPINVOKECPP.CSHARPDEMO\BIN\DEBUG\CSHARPINVOKECPP.CPPDEMO.DLL
C:\USERS\JOSON\DESKTOP\CSHARPINVOKECPP\CSHARPINVOKECPP.CSHARPDEMO\BIN\DEBUG\CSHARPINVOKECPP.CPPDEMO.DLL.MANIFEST
C:\Users\Joson\Desktop\CSharpInvokeCPP\CSharpInvokeCPP.CSharpDemo\bin\Debug\CSharpInvokeCPP.CPPDemo.exp
C:\USERS\JOSON\DESKTOP\CSHARPINVOKECPP\CSHARPINVOKECPP.CSHARPDEMO\BIN\DEBUG\CSHARPINVOKECPP.CPPDEMO.ILK
C:\Users\Joson\Desktop\CSharpInvokeCPP\CSharpInvokeCPP.CSharpDemo\bin\Debug\CSharpInvokeCPP.CPPDemo.lib
C:\USERS\JOSON\DESKTOP\CSHARPINVOKECPP\CSHARPINVOKECPP.CSHARPDEMO\BIN\DEBUG\CSHARPINVOKECPP.CPPDEMO.PDB
